0 info it worked if it ends with ok
1 verbose cli [ 'C:\\dev\\nodejs\\node.exe',
1 verbose cli   'C:\\Users\\nparson\\AppData\\Roaming\\npm\\node_modules\\npm\\bin\\npm-cli.js',
1 verbose cli   'run',
1 verbose cli   'launch:Debug' ]
2 info using npm@3.10.6
3 info using node@v4.4.7
4 verbose stack Error: ENOENT: no such file or directory, open 'C:\Source\GitHub\angular2-webpack2-dotnet-starter\complete\dotnetcore\package.json'
4 verbose stack     at Error (native)
5 verbose cwd C:\Source\GitHub\angular2-webpack2-dotnet-starter\complete\dotnetcore
6 error Windows_NT 10.0.14393
7 error argv "C:\\dev\\nodejs\\node.exe" "C:\\Users\\nparson\\AppData\\Roaming\\npm\\node_modules\\npm\\bin\\npm-cli.js" "run" "launch:Debug"
8 error node v4.4.7
9 error npm  v3.10.6
10 error path C:\Source\GitHub\angular2-webpack2-dotnet-starter\complete\dotnetcore\package.json
11 error code ENOENT
12 error errno -4058
13 error syscall open
14 error enoent ENOENT: no such file or directory, open 'C:\Source\GitHub\angular2-webpack2-dotnet-starter\complete\dotnetcore\package.json'
15 error enoent ENOENT: no such file or directory, open 'C:\Source\GitHub\angular2-webpack2-dotnet-starter\complete\dotnetcore\package.json'
15 error enoent This is most likely not a problem with npm itself
15 error enoent and is related to npm not being able to find a file.
16 verbose exit [ -4058, true ]
